# JRE version: Java(TM) SE Runtime Environment (8.0_40-b25) (build 1.8.0_40-b25)
# Java VM: Java HotSpot(TM) 64-Bit Server VM (25.40-b25 mixed mode windows-amd64 compressed oops)
Heap:
 PSYoungGen      total 165888K, used 105550K [0x0000000776180000, 0x0000000781000000, 0x00000007c0000000)
  eden space 153088K, 68% used [0x0000000776180000,0x000000077c893a08,0x000000077f700000)
  from space 12800K, 0% used [0x0000000780380000,0x0000000780380000,0x0000000781000000)
  to   space 12800K, 0% used [0x000000077f700000,0x000000077f700000,0x0000000780380000)
 ParOldGen       total 125952K, used 17493K [0x00000006e2400000, 0x00000006e9f00000, 0x0000000776180000)
  object space 125952K, 13% used [0x00000006e2400000,0x00000006e3515438,0x00000006e9f00000)
 Metaspace       used 39979K, capacity 43310K, committed 43392K, reserved 1087488K
  class space    used 5618K, capacity 6227K, committed 6272K, reserved 1048576K
GC Heap History (10 events):
Event: 6144.628 GC heap before
{Heap before GC invocations=17 (full 5):
 PSYoungGen      total 165888K, used 4049K [0x0000000776180000, 0x0000000781000000, 0x00000007c0000000)
  eden space 153088K, 0% used [0x0000000776180000,0x0000000776180000,0x000000077f700000)
  from space 12800K, 31% used [0x0000000780380000,0x0000000780774790,0x0000000781000000)
  to   space 12800K, 0% used [0x000000077f700000,0x000000077f700000,0x0000000780380000)
 ParOldGen       total 125952K, used 17073K [0x00000006e2400000, 0x00000006e9f00000, 0x0000000776180000)
  object space 125952K, 13% used [0x00000006e2400000,0x00000006e34ac770,0x00000006e9f00000)
 Metaspace       used 39742K, capacity 42858K, committed 43136K, reserved 1085440K
  class space    used 5586K, capacity 6149K, committed 6272K, reserved 1048576K
Event: 6144.698 GC heap after
Heap after GC invocations=17 (full 5):
 PSYoungGen      total 165888K, used 0K [0x0000000776180000, 0x0000000781000000, 0x00000007c0000000)
  eden space 153088K, 0% used [0x0000000776180000,0x0000000776180000,0x000000077f700000)
  from space 12800K, 0% used [0x0000000780380000,0x0000000780380000,0x0000000781000000)
  to   space 12800K, 0% used [0x000000077f700000,0x000000077f700000,0x0000000780380000)
 ParOldGen       total 125952K, used 19479K [0x00000006e2400000, 0x00000006e9f00000, 0x0000000776180000)
  object space 125952K, 15% used [0x00000006e2400000,0x00000006e3705e80,0x00000006e9f00000)
 Metaspace       used 39742K, capacity 42858K, committed 43136K, reserved 1085440K
  class space    used 5586K, capacity 6149K, committed 6272K, reserved 1048576K
}
Event: 6199.043 GC heap before
{Heap before GC invocations=18 (full 5):
 PSYoungGen      total 165888K, used 96360K [0x0000000776180000, 0x0000000781000000, 0x00000007c0000000)
  eden space 153088K, 62% used [0x0000000776180000,0x000000077bf9a020,0x000000077f700000)
  from space 12800K, 0% used [0x0000000780380000,0x0000000780380000,0x0000000781000000)
  to   space 12800K, 0% used [0x000000077f700000,0x000000077f700000,0x0000000780380000)
 ParOldGen       total 125952K, used 19479K [0x00000006e2400000, 0x00000006e9f00000, 0x0000000776180000)
  object space 125952K, 15% used [0x00000006e2400000,0x00000006e3705e80,0x00000006e9f00000)
 Metaspace       used 39775K, capacity 42918K, committed 43136K, reserved 1085440K
  class space    used 5591K, capacity 6158K, committed 6272K, reserved 1048576K
Event: 6199.047 GC heap after
Heap after GC invocations=18 (full 5):
 PSYoungGen      total 165888K, used 4005K [0x0000000776180000, 0x0000000781000000, 0x00000007c0000000)
  eden space 153088K, 0% used [0x0000000776180000,0x0000000776180000,0x000000077f700000)
  from space 12800K, 31% used [0x000000077f700000,0x000000077fae9608,0x0000000780380000)
  to   space 12800K, 0% used [0x0000000780380000,0x0000000780380000,0x0000000781000000)
 ParOldGen       total 125952K, used 19487K [0x00000006e2400000, 0x00000006e9f00000, 0x0000000776180000)
  object space 125952K, 15% used [0x00000006e2400000,0x00000006e3707e80,0x00000006e9f00000)
 Metaspace       used 39775K, capacity 42918K, committed 43136K, reserved 1085440K
  class space    used 5591K, capacity 6158K, committed 6272K, reserved 1048576K
}
Event: 6199.047 GC heap before
{Heap before GC invocations=19 (full 6):
 PSYoungGen      total 165888K, used 4005K [0x0000000776180000, 0x0000000781000000, 0x00000007c0000000)
  eden space 153088K, 0% used [0x0000000776180000,0x0000000776180000,0x000000077f700000)
  from space 12800K, 31% used [0x000000077f700000,0x000000077fae9608,0x0000000780380000)
  to   space 12800K, 0% used [0x0000000780380000,0x0000000780380000,0x0000000781000000)
 ParOldGen       total 125952K, used 19487K [0x00000006e2400000, 0x00000006e9f00000, 0x0000000776180000)
  object space 125952K, 15% used [0x00000006e2400000,0x00000006e3707e80,0x00000006e9f00000)
 Metaspace       used 39775K, capacity 42918K, committed 43136K, reserved 1085440K
  class space    used 5591K, capacity 6158K, committed 6272K, reserved 1048576K
Event: 6199.113 GC heap after
Heap after GC invocations=19 (full 6):
 PSYoungGen      total 165888K, used 0K [0x0000000776180000, 0x0000000781000000, 0x00000007c0000000)
  eden space 153088K, 0% used [0x0000000776180000,0x0000000776180000,0x000000077f700000)
  from space 12800K, 0% used [0x000000077f700000,0x000000077f700000,0x0000000780380000)
  to   space 12800K, 0% used [0x0000000780380000,0x0000000780380000,0x0000000781000000)
 ParOldGen       total 125952K, used 17252K [0x00000006e2400000, 0x00000006e9f00000, 0x0000000776180000)
  object space 125952K, 13% used [0x00000006e2400000,0x00000006e34d9138,0x00000006e9f00000)
 Metaspace       used 39775K, capacity 42918K, committed 43136K, reserved 1085440K
  class space    used 5591K, capacity 6158K, committed 6272K, reserved 1048576K
}
Event: 6209.188 GC heap before
{Heap before GC invocations=20 (full 6):
 PSYoungGen      total 165888K, used 101972K [0x0000000776180000, 0x0000000781000000, 0x00000007c0000000)
  eden space 153088K, 66% used [0x0000000776180000,0x000000077c5152f0,0x000000077f700000)
  from space 12800K, 0% used [0x000000077f700000,0x000000077f700000,0x0000000780380000)
  to   space 12800K, 0% used [0x0000000780380000,0x0000000780380000,0x0000000781000000)
 ParOldGen       total 125952K, used 17252K [0x00000006e2400000, 0x00000006e9f00000, 0x0000000776180000)
  object space 125952K, 13% used [0x00000006e2400000,0x00000006e34d9138,0x00000006e9f00000)
 Metaspace       used 39908K, capacity 43100K, committed 43392K, reserved 1087488K
  class space    used 5609K, capacity 6183K, committed 6272K, reserved 1048576K
Event: 6209.191 GC heap after
Heap after GC invocations=20 (full 6):
 PSYoungGen      total 165888K, used 4225K [0x0000000776180000, 0x0000000781000000, 0x00000007c0000000)
  eden space 153088K, 0% used [0x0000000776180000,0x0000000776180000,0x000000077f700000)
  from space 12800K, 33% used [0x0000000780380000,0x00000007807a04d8,0x0000000781000000)
  to   space 12800K, 0% used [0x000000077f700000,0x000000077f700000,0x0000000780380000)
 ParOldGen       total 125952K, used 17260K [0x00000006e2400000, 0x00000006e9f00000, 0x0000000776180000)
  object space 125952K, 13% used [0x00000006e2400000,0x00000006e34db138,0x00000006e9f00000)
 Metaspace       used 39908K, capacity 43100K, committed 43392K, reserved 1087488K
  class space    used 5609K, capacity 6183K, committed 6272K, reserved 1048576K
}
Event: 6209.191 GC heap before
{Heap before GC invocations=21 (full 7):
 PSYoungGen      total 165888K, used 4225K [0x0000000776180000, 0x0000000781000000, 0x00000007c0000000)
  eden space 153088K, 0% used [0x0000000776180000,0x0000000776180000,0x000000077f700000)
  from space 12800K, 33% used [0x0000000780380000,0x00000007807a04d8,0x0000000781000000)
  to   space 12800K, 0% used [0x000000077f700000,0x000000077f700000,0x0000000780380000)
 ParOldGen       total 125952K, used 17260K [0x00000006e2400000, 0x00000006e9f00000, 0x0000000776180000)
  object space 125952K, 13% used [0x00000006e2400000,0x00000006e34db138,0x00000006e9f00000)
 Metaspace       used 39908K, capacity 43100K, committed 43392K, reserved 1087488K
  class space    used 5609K, capacity 6183K, committed 6272K, reserved 1048576K
Event: 6209.277 GC heap after
Heap after GC invocations=21 (full 7):
 PSYoungGen      total 165888K, used 0K [0x0000000776180000, 0x0000000781000000, 0x00000007c0000000)
  eden space 153088K, 0% used [0x0000000776180000,0x0000000776180000,0x000000077f700000)
  from space 12800K, 0% used [0x0000000780380000,0x0000000780380000,0x0000000781000000)
  to   space 12800K, 0% used [0x000000077f700000,0x000000077f700000,0x0000000780380000)
 ParOldGen       total 125952K, used 17493K [0x00000006e2400000, 0x00000006e9f00000, 0x0000000776180000)
  object space 125952K, 13% used [0x00000006e2400000,0x00000006e3515438,0x00000006e9f00000)
 Metaspace       used 39908K, capacity 43100K, committed 43392K, reserved 1087488K
  class space    used 5609K, capacity 6183K, committed 6272K, reserved 1048576K
}

